2017-12-07 11:13:35.522  INFO [simu-HOST_ADDRESS_IS_UNDEFINED-tss-default,,,] 4388 --- [main] cn.superid.tss.WebApplication            : No active profile set, falling back to default profiles: default
2017-12-07 11:13:35.544  INFO [simu-HOST_ADDRESS_IS_UNDEFINED-tss-default,,,] 4388 --- [main] ationConfigEmbeddedWebApplicationContext : Refreshing org.springframework.boot.context.embedded.AnnotationConfigEmbeddedWebApplicationContext@664a9613: startup date [Thu Dec 07 11:13:35 CST 2017]; parent: org.springframework.context.annotation.AnnotationConfigApplicationContext@f78a47e
2017-12-07 11:13:36.499  INFO [simu-HOST_ADDRESS_IS_UNDEFINED-tss-default,,,] 4388 --- [main] o.s.i.config.IntegrationRegistrar        : No bean named 'integrationHeaderChannelRegistry' has been explicitly defined. Therefore, a default DefaultHeaderChannelRegistry will be created.
2017-12-07 11:13:37.061  INFO [simu-HOST_ADDRESS_IS_UNDEFINED-tss-default,,,] 4388 --- [main] o.s.cloud.context.scope.GenericScope     : BeanFactory id=495cc94d-ff02-36b5-ae84-bb11ebb89c32
2017-12-07 11:13:37.075  INFO [simu-HOST_ADDRESS_IS_UNDEFINED-tss-default,,,] 4388 --- [main] faultConfiguringBeanFactoryPostProcessor : No bean named 'errorChannel' has been explicitly defined. Therefore, a default PublishSubscribeChannel will be created.
2017-12-07 11:13:37.080  INFO [simu-HOST_ADDRESS_IS_UNDEFINED-tss-default,,,] 4388 --- [main] faultConfiguringBeanFactoryPostProcessor : No bean named 'taskScheduler' has been explicitly defined. Therefore, a default ThreadPoolTaskScheduler will be created.
2017-12-07 11:13:37.089  INFO [simu-HOST_ADDRESS_IS_UNDEFINED-tss-default,,,] 4388 --- [main] f.a.AutowiredAnnotationBeanPostProcessor : JSR-330 'javax.inject.Inject' annotation found and supported for autowiring
2017-12-07 11:13:37.179  INFO [simu-HOST_ADDRESS_IS_UNDEFINED-tss-default,,,] 4388 --- [main] trationDelegate$BeanPostProcessorChecker : Bean 'org.springframework.amqp.rabbit.annotation.RabbitBootstrapConfiguration' of type [org.springframework.amqp.rabbit.annotation.RabbitBootstrapConfiguration$$EnhancerBySpringCGLIB$$e50514e9] is not eligible for getting processed by all BeanPostProcessors (for example: not eligible for auto-proxying)
2017-12-07 11:13:37.250  INFO [simu-HOST_ADDRESS_IS_UNDEFINED-tss-default,,,] 4388 --- [main] trationDelegate$BeanPostProcessorChecker : Bean 'org.springframework.cloud.sleuth.instrument.async.AsyncDefaultAutoConfiguration$DefaultAsyncConfigurerSupport' of type [org.springframework.cloud.sleuth.instrument.async.AsyncDefaultAutoConfiguration$DefaultAsyncConfigurerSupport$$EnhancerBySpringCGLIB$$5bdaf47e] is not eligible for getting processed by all BeanPostProcessors (for example: not eligible for auto-proxying)
2017-12-07 11:13:37.318  INFO [simu-HOST_ADDRESS_IS_UNDEFINED-tss-default,,,] 4388 --- [main] trationDelegate$BeanPostProcessorChecker : Bean 'org.springframework.retry.annotation.RetryConfiguration' of type [org.springframework.retry.annotation.RetryConfiguration$$EnhancerBySpringCGLIB$$145ceee0] is not eligible for getting processed by all BeanPostProcessors (for example: not eligible for auto-proxying)
2017-12-07 11:13:37.405  INFO [simu-HOST_ADDRESS_IS_UNDEFINED-tss-default,,,] 4388 --- [main] trationDelegate$BeanPostProcessorChecker : Bean 'org.springframework.cloud.sleuth.annotation.SleuthAnnotationAutoConfiguration' of type [org.springframework.cloud.sleuth.annotation.SleuthAnnotationAutoConfiguration$$EnhancerBySpringCGLIB$$20fe9ced] is not eligible for getting processed by all BeanPostProcessors (for example: not eligible for auto-proxying)
2017-12-07 11:13:37.657  INFO [simu-HOST_ADDRESS_IS_UNDEFINED-tss-default,,,] 4388 --- [main] trationDelegate$BeanPostProcessorChecker : Bean 'sleuthAdvisorConfig' of type [org.springframework.cloud.sleuth.annotation.SleuthAdvisorConfig] is not eligible for getting processed by all BeanPostProcessors (for example: not eligible for auto-proxying)
2017-12-07 11:13:37.667  INFO [simu-HOST_ADDRESS_IS_UNDEFINED-tss-default,,,] 4388 --- [main] trationDelegate$BeanPostProcessorChecker : Bean 'org.springframework.transaction.annotation.ProxyTransactionManagementConfiguration' of type [org.springframework.transaction.annotation.ProxyTransactionManagementConfiguration$$EnhancerBySpringCGLIB$$1e9956bb] is not eligible for getting processed by all BeanPostProcessors (for example: not eligible for auto-proxying)
2017-12-07 11:13:37.732  INFO [simu-HOST_ADDRESS_IS_UNDEFINED-tss-default,,,] 4388 --- [main] trationDelegate$BeanPostProcessorChecker : Bean 'org.springframework.cloud.netflix.metrics.MetricsInterceptorConfiguration$MetricsRestTemplateConfiguration' of type [org.springframework.cloud.netflix.metrics.MetricsInterceptorConfiguration$MetricsRestTemplateConfiguration$$EnhancerBySpringCGLIB$$50c5fcfc] is not eligible for getting processed by all BeanPostProcessors (for example: not eligible for auto-proxying)
2017-12-07 11:13:37.808  INFO [simu-HOST_ADDRESS_IS_UNDEFINED-tss-default,,,] 4388 --- [main] trationDelegate$BeanPostProcessorChecker : Bean 'integrationGlobalProperties' of type [org.springframework.beans.factory.config.PropertiesFactoryBean] is not eligible for getting processed by all BeanPostProcessors (for example: not eligible for auto-proxying)
2017-12-07 11:13:37.819  INFO [simu-HOST_ADDRESS_IS_UNDEFINED-tss-default,,,] 4388 --- [main] trationDelegate$BeanPostProcessorChecker : Bean 'integrationGlobalProperties' of type [java.util.Properties] is not eligible for getting processed by all BeanPostProcessors (for example: not eligible for auto-proxying)
2017-12-07 11:13:37.941  INFO [simu-HOST_ADDRESS_IS_UNDEFINED-tss-default,,,] 4388 --- [main] trationDelegate$BeanPostProcessorChecker : Bean 'org.springframework.cloud.autoconfigure.ConfigurationPropertiesRebinderAutoConfiguration' of type [org.springframework.cloud.autoconfigure.ConfigurationPropertiesRebinderAutoConfiguration$$EnhancerBySpringCGLIB$$3ab359b8] is not eligible for getting processed by all BeanPostProcessors (for example: not eligible for auto-proxying)
2017-12-07 11:13:37.972  INFO [simu-HOST_ADDRESS_IS_UNDEFINED-tss-default,,,] 4388 --- [main] trationDelegate$BeanPostProcessorChecker : Bean 'org.springframework.cloud.stream.config.BindingServiceConfiguration$PostProcessorConfiguration' of type [org.springframework.cloud.stream.config.BindingServiceConfiguration$PostProcessorConfiguration$$EnhancerBySpringCGLIB$$e060f4c0] is not eligible for getting processed by all BeanPostProcessors (for example: not eligible for auto-proxying)
2017-12-07 11:13:38.041  INFO [simu-HOST_ADDRESS_IS_UNDEFINED-tss-default,,,] 4388 --- [main] trationDelegate$BeanPostProcessorChecker : Bean 'org.springframework.cloud.sleuth.instrument.web.client.feign.TraceFeignClientAutoConfiguration$FeignBeanPostProcessorConfiguration' of type [org.springframework.cloud.sleuth.instrument.web.client.feign.TraceFeignClientAutoConfiguration$FeignBeanPostProcessorConfiguration$$EnhancerBySpringCGLIB$$5e2b2f81] is not eligible for getting processed by all BeanPostProcessors (for example: not eligible for auto-proxying)
2017-12-07 11:13:38.065  INFO [simu-HOST_ADDRESS_IS_UNDEFINED-tss-default,,,] 4388 --- [main] trationDelegate$BeanPostProcessorChecker : Bean 'org.springframework.cloud.sleuth.instrument.async.AsyncDefaultAutoConfiguration' of type [org.springframework.cloud.sleuth.instrument.async.AsyncDefaultAutoConfiguration$$EnhancerBySpringCGLIB$$67d02da] is not eligible for getting processed by all BeanPostProcessors (for example: not eligible for auto-proxying)
2017-12-07 11:13:38.571  INFO [simu-HOST_ADDRESS_IS_UNDEFINED-tss-default,,,] 4388 --- [main] org.xnio                                 : XNIO version 3.3.6.Final
2017-12-07 11:13:38.593  INFO [simu-HOST_ADDRESS_IS_UNDEFINED-tss-default,,,] 4388 --- [main] org.xnio.nio                             : XNIO NIO Implementation Version 3.3.6.Final
2017-12-07 11:13:38.838  WARN [simu-HOST_ADDRESS_IS_UNDEFINED-tss-default,,,] 4388 --- [main] io.undertow.websockets.jsr               : UT026009: XNIO worker was not set on WebSocketDeploymentInfo, the default worker will be used
2017-12-07 11:13:38.838  WARN [simu-HOST_ADDRESS_IS_UNDEFINED-tss-default,,,] 4388 --- [main] io.undertow.websockets.jsr               : UT026010: Buffer pool was not set on WebSocketDeploymentInfo, the default pool will be used
2017-12-07 11:13:38.869  INFO [simu-HOST_ADDRESS_IS_UNDEFINED-tss-default,,,] 4388 --- [main] io.undertow.servlet                      : Initializing Spring embedded WebApplicationContext
2017-12-07 11:13:38.869  INFO [simu-HOST_ADDRESS_IS_UNDEFINED-tss-default,,,] 4388 --- [main] o.s.web.context.ContextLoader            : Root WebApplicationContext: initialization completed in 3325 ms
2017-12-07 11:13:39.586  INFO [simu-HOST_ADDRESS_IS_UNDEFINED-tss-default,,,] 4388 --- [main] o.s.b.w.servlet.FilterRegistrationBean   : Mapping filter: 'metricsFilter' to: [/*]
2017-12-07 11:13:39.587  INFO [simu-HOST_ADDRESS_IS_UNDEFINED-tss-default,,,] 4388 --- [main] o.s.b.w.servlet.FilterRegistrationBean   : Mapping filter: 'characterEncodingFilter' to: [/*]
2017-12-07 11:13:39.587  INFO [simu-HOST_ADDRESS_IS_UNDEFINED-tss-default,,,] 4388 --- [main] o.s.b.w.servlet.FilterRegistrationBean   : Mapping filter: 'traceFilter' to: [/*]
2017-12-07 11:13:39.587  INFO [simu-HOST_ADDRESS_IS_UNDEFINED-tss-default,,,] 4388 --- [main] o.s.b.w.servlet.FilterRegistrationBean   : Mapping filter: 'hiddenHttpMethodFilter' to: [/*]
2017-12-07 11:13:39.587  INFO [simu-HOST_ADDRESS_IS_UNDEFINED-tss-default,,,] 4388 --- [main] o.s.b.w.servlet.FilterRegistrationBean   : Mapping filter: 'httpPutFormContentFilter' to: [/*]
2017-12-07 11:13:39.588  INFO [simu-HOST_ADDRESS_IS_UNDEFINED-tss-default,,,] 4388 --- [main] o.s.b.w.servlet.FilterRegistrationBean   : Mapping filter: 'requestContextFilter' to: [/*]
2017-12-07 11:13:39.588  INFO [simu-HOST_ADDRESS_IS_UNDEFINED-tss-default,,,] 4388 --- [main] o.s.b.w.servlet.FilterRegistrationBean   : Mapping filter: 'webRequestLoggingFilter' to: [/*]
2017-12-07 11:13:39.588  INFO [simu-HOST_ADDRESS_IS_UNDEFINED-tss-default,,,] 4388 --- [main] o.s.b.w.servlet.FilterRegistrationBean   : Mapping filter: 'applicationContextIdFilter' to: [/*]
2017-12-07 11:13:39.588  INFO [simu-HOST_ADDRESS_IS_UNDEFINED-tss-default,,,] 4388 --- [main] o.s.b.w.servlet.ServletRegistrationBean  : Mapping servlet: 'proxyStreamServlet' to [/proxy.stream]
2017-12-07 11:13:39.593  INFO [simu-HOST_ADDRESS_IS_UNDEFINED-tss-default,,,] 4388 --- [main] o.s.b.w.servlet.ServletRegistrationBean  : Mapping servlet: 'dispatcherServlet' to [/]
2017-12-07 11:13:46.088  INFO [simu-HOST_ADDRESS_IS_UNDEFINED-tss-default,,,] 4388 --- [main] o.s.ui.freemarker.SpringTemplateLoader   : SpringTemplateLoader for FreeMarker: using resource loader [org.springframework.boot.context.embedded.AnnotationConfigEmbeddedWebApplicationContext@664a9613: startup date [Thu Dec 07 11:13:35 CST 2017]; parent: org.springframework.context.annotation.AnnotationConfigApplicationContext@f78a47e] and template loader path [classpath:/templates/]
2017-12-07 11:13:46.090  INFO [simu-HOST_ADDRESS_IS_UNDEFINED-tss-default,,,] 4388 --- [main] o.s.w.s.v.f.FreeMarkerConfigurer         : ClassTemplateLoader for Spring macros added to FreeMarker configuration
2017-12-07 11:13:46.172  WARN [simu-HOST_ADDRESS_IS_UNDEFINED-tss-default,,,] 4388 --- [main] c.n.c.sources.URLConfigurationSource     : No URLs will be polled as dynamic configuration sources.
2017-12-07 11:13:46.172  INFO [simu-HOST_ADDRESS_IS_UNDEFINED-tss-default,,,] 4388 --- [main] c.n.c.sources.URLConfigurationSource     : To enable URLs as dynamic configuration sources, define System property archaius.configurationSource.additionalUrls or make config.properties available on classpath.
2017-12-07 11:13:46.181  INFO [simu-HOST_ADDRESS_IS_UNDEFINED-tss-default,,,] 4388 --- [main] c.netflix.config.DynamicPropertyFactory  : DynamicPropertyFactory is initialized with configuration sources: com.netflix.config.ConcurrentCompositeConfiguration@243162b1
2017-12-07 11:13:47.943  WARN [simu-HOST_ADDRESS_IS_UNDEFINED-tss-default,,,] 4388 --- [main] ationConfigEmbeddedWebApplicationContext : Exception encountered during context initialization - cancelling refresh attempt: org.springframework.beans.factory.UnsatisfiedDependencyException: Error creating bean with name 'org.springframework.cloud.netflix.archaius.ArchaiusAutoConfiguration': Unsatisfied dependency expressed through field 'externalConfigurations'; nested exception is org.springframework.beans.factory.BeanCreationException: Error creating bean with name 'configurableEnvironmentConfiguration' defined in class path resource [org/springframework/cloud/netflix/archaius/ArchaiusAutoConfiguration.class]: Bean instantiation via factory method failed; nested exception is org.springframework.beans.BeanInstantiationException: Failed to instantiate [org.springframework.cloud.netflix.archaius.ConfigurableEnvironmentConfiguration]: Circular reference involving containing bean 'org.springframework.cloud.netflix.archaius.ArchaiusAutoConfiguration' - consider declaring the factory method as static for independence from its containing instance. Factory method 'configurableEnvironmentConfiguration' threw exception; nested exception is java.lang.IllegalArgumentException: Could not resolve placeholder 'HOST_ADDRESS' in value "simu-${HOST_ADDRESS}-tss-${spring.profiles.active:default}"
2017-12-07 11:13:49.478  INFO [simu-HOST_ADDRESS_IS_UNDEFINED-tss-default,,,] 4388 --- [main] com.alibaba.druid.pool.DruidDataSource   : {dataSource-1} inited
2017-12-07 11:13:49.486  INFO [simu-HOST_ADDRESS_IS_UNDEFINED-tss-default,,,] 4388 --- [main] com.alibaba.druid.pool.DruidDataSource   : {dataSource-1} closed
2017-12-07 11:13:49.497  INFO [simu-HOST_ADDRESS_IS_UNDEFINED-tss-default,,,] 4388 --- [main] utoConfigurationReportLoggingInitializer : 

Error starting ApplicationContext. To display the auto-configuration report re-run your application with 'debug' enabled.
2017-12-07 11:13:49.506 ERROR [simu-HOST_ADDRESS_IS_UNDEFINED-tss-default,,,] 4388 --- [main] o.s.boot.SpringApplication               : Application startup failed

org.springframework.beans.factory.UnsatisfiedDependencyException: Error creating bean with name 'org.springframework.cloud.netflix.archaius.ArchaiusAutoConfiguration': Unsatisfied dependency expressed through field 'externalConfigurations'; nested exception is org.springframework.beans.factory.BeanCreationException: Error creating bean with name 'configurableEnvironmentConfiguration' defined in class path resource [org/springframework/cloud/netflix/archaius/ArchaiusAutoConfiguration.class]: Bean instantiation via factory method failed; nested exception is org.springframework.beans.BeanInstantiationException: Failed to instantiate [org.springframework.cloud.netflix.archaius.ConfigurableEnvironmentConfiguration]: Circular reference involving containing bean 'org.springframework.cloud.netflix.archaius.ArchaiusAutoConfiguration' - consider declaring the factory method as static for independence from its containing instance. Factory method 'configurableEnvironmentConfiguration' threw exception; nested exception is java.lang.IllegalArgumentException: Could not resolve placeholder 'HOST_ADDRESS' in value "simu-${HOST_ADDRESS}-tss-${spring.profiles.active:default}"
	at org.springframework.beans.factory.annotation.AutowiredAnnotationBeanPostProcessor$AutowiredFieldElement.inject(AutowiredAnnotationBeanPostProcessor.java:588) ~[spring-beans-4.3.8.RELEASE.jar:4.3.8.RELEASE]
	at org.springframework.beans.factory.annotation.InjectionMetadata.inject(InjectionMetadata.java:88) ~[spring-beans-4.3.8.RELEASE.jar:4.3.8.RELEASE]
	at org.springframework.beans.factory.annotation.AutowiredAnnotationBeanPostProcessor.postProcessPropertyValues(AutowiredAnnotationBeanPostProcessor.java:366) ~[spring-beans-4.3.8.RELEASE.jar:4.3.8.RELEASE]
	at org.springframework.beans.factory.support.AbstractAutowireCapableBeanFactory.populateBean(AbstractAutowireCapableBeanFactory.java:1264) ~[spring-beans-4.3.8.RELEASE.jar:4.3.8.RELEASE]
	at org.springframework.beans.factory.support.AbstractAutowireCapableBeanFactory.doCreateBean(AbstractAutowireCapableBeanFactory.java:553) ~[spring-beans-4.3.8.RELEASE.jar:4.3.8.RELEASE]
	at org.springframework.beans.factory.support.AbstractAutowireCapableBeanFactory.createBean(AbstractAutowireCapableBeanFactory.java:483) ~[spring-beans-4.3.8.RELEASE.jar:4.3.8.RELEASE]
	at org.springframework.beans.factory.support.AbstractBeanFactory$1.getObject(AbstractBeanFactory.java:306) ~[spring-beans-4.3.8.RELEASE.jar:4.3.8.RELEASE]
	at org.springframework.beans.factory.support.DefaultSingletonBeanRegistry.getSingleton(DefaultSingletonBeanRegistry.java:230) ~[spring-beans-4.3.8.RELEASE.jar:4.3.8.RELEASE]
	at org.springframework.beans.factory.support.AbstractBeanFactory.doGetBean(AbstractBeanFactory.java:302) ~[spring-beans-4.3.8.RELEASE.jar:4.3.8.RELEASE]
	at org.springframework.beans.factory.support.AbstractBeanFactory.getBean(AbstractBeanFactory.java:197) ~[spring-beans-4.3.8.RELEASE.jar:4.3.8.RELEASE]
	at org.springframework.beans.factory.support.DefaultListableBeanFactory.preInstantiateSingletons(DefaultListableBeanFactory.java:761) ~[spring-beans-4.3.8.RELEASE.jar:4.3.8.RELEASE]
	at org.springframework.context.support.AbstractApplicationContext.finishBeanFactoryInitialization(AbstractApplicationContext.java:866) ~[spring-context-4.3.8.RELEASE.jar:4.3.8.RELEASE]
	at org.springframework.context.support.AbstractApplicationContext.refresh(AbstractApplicationContext.java:542) ~[spring-context-4.3.8.RELEASE.jar:4.3.8.RELEASE]
	at org.springframework.boot.context.embedded.EmbeddedWebApplicationContext.refresh(EmbeddedWebApplicationContext.java:122) ~[spring-boot-1.5.3.RELEASE.jar:1.5.3.RELEASE]
	at org.springframework.boot.SpringApplication.refresh(SpringApplication.java:737) [spring-boot-1.5.3.RELEASE.jar:1.5.3.RELEASE]
	at org.springframework.boot.SpringApplication.refreshContext(SpringApplication.java:370) [spring-boot-1.5.3.RELEASE.jar:1.5.3.RELEASE]
	at org.springframework.boot.SpringApplication.run(SpringApplication.java:314) [spring-boot-1.5.3.RELEASE.jar:1.5.3.RELEASE]
	at org.springframework.boot.SpringApplication.run(SpringApplication.java:1162) [spring-boot-1.5.3.RELEASE.jar:1.5.3.RELEASE]
	at org.springframework.boot.SpringApplication.run(SpringApplication.java:1151) [spring-boot-1.5.3.RELEASE.jar:1.5.3.RELEASE]
	at cn.superid.tss.WebApplication.main(WebApplication.java:27) [classes/:na]
Caused by: org.springframework.beans.factory.BeanCreationException: Error creating bean with name 'configurableEnvironmentConfiguration' defined in class path resource [org/springframework/cloud/netflix/archaius/ArchaiusAutoConfiguration.class]: Bean instantiation via factory method failed; nested exception is org.springframework.beans.BeanInstantiationException: Failed to instantiate [org.springframework.cloud.netflix.archaius.ConfigurableEnvironmentConfiguration]: Circular reference involving containing bean 'org.springframework.cloud.netflix.archaius.ArchaiusAutoConfiguration' - consider declaring the factory method as static for independence from its containing instance. Factory method 'configurableEnvironmentConfiguration' threw exception; nested exception is java.lang.IllegalArgumentException: Could not resolve placeholder 'HOST_ADDRESS' in value "simu-${HOST_ADDRESS}-tss-${spring.profiles.active:default}"
	at org.springframework.beans.factory.support.ConstructorResolver.instantiateUsingFactoryMethod(ConstructorResolver.java:599) ~[spring-beans-4.3.8.RELEASE.jar:4.3.8.RELEASE]
	at org.springframework.beans.factory.support.AbstractAutowireCapableBeanFactory.instantiateUsingFactoryMethod(AbstractAutowireCapableBeanFactory.java:1173) ~[spring-beans-4.3.8.RELEASE.jar:4.3.8.RELEASE]
	at org.springframework.beans.factory.support.AbstractAutowireCapableBeanFactory.createBeanInstance(AbstractAutowireCapableBeanFactory.java:1067) ~[spring-beans-4.3.8.RELEASE.jar:4.3.8.RELEASE]
	at org.springframework.beans.factory.support.AbstractAutowireCapableBeanFactory.doCreateBean(AbstractAutowireCapableBeanFactory.java:513) ~[spring-beans-4.3.8.RELEASE.jar:4.3.8.RELEASE]
	at org.springframework.beans.factory.support.AbstractAutowireCapableBeanFactory.createBean(AbstractAutowireCapableBeanFactory.java:483) ~[spring-beans-4.3.8.RELEASE.jar:4.3.8.RELEASE]
	at org.springframework.beans.factory.support.AbstractBeanFactory$1.getObject(AbstractBeanFactory.java:306) ~[spring-beans-4.3.8.RELEASE.jar:4.3.8.RELEASE]
	at org.springframework.beans.factory.support.DefaultSingletonBeanRegistry.getSingleton(DefaultSingletonBeanRegistry.java:230) ~[spring-beans-4.3.8.RELEASE.jar:4.3.8.RELEASE]
	at org.springframework.beans.factory.support.AbstractBeanFactory.doGetBean(AbstractBeanFactory.java:302) ~[spring-beans-4.3.8.RELEASE.jar:4.3.8.RELEASE]
	at org.springframework.beans.factory.support.AbstractBeanFactory.getBean(AbstractBeanFactory.java:202) ~[spring-beans-4.3.8.RELEASE.jar:4.3.8.RELEASE]
	at org.springframework.beans.factory.config.DependencyDescriptor.resolveCandidate(DependencyDescriptor.java:208) ~[spring-beans-4.3.8.RELEASE.jar:4.3.8.RELEASE]
	at org.springframework.beans.factory.support.DefaultListableBeanFactory.addCandidateEntry(DefaultListableBeanFactory.java:1309) ~[spring-beans-4.3.8.RELEASE.jar:4.3.8.RELEASE]
	at org.springframework.beans.factory.support.DefaultListableBeanFactory.findAutowireCandidates(DefaultListableBeanFactory.java:1293) ~[spring-beans-4.3.8.RELEASE.jar:4.3.8.RELEASE]
	at org.springframework.beans.factory.support.DefaultListableBeanFactory.resolveMultipleBeans(DefaultListableBeanFactory.java:1180) ~[spring-beans-4.3.8.RELEASE.jar:4.3.8.RELEASE]
	at org.springframework.beans.factory.support.DefaultListableBeanFactory.doResolveDependency(DefaultListableBeanFactory.java:1096) ~[spring-beans-4.3.8.RELEASE.jar:4.3.8.RELEASE]
	at org.springframework.beans.factory.support.DefaultListableBeanFactory.resolveDependency(DefaultListableBeanFactory.java:1066) ~[spring-beans-4.3.8.RELEASE.jar:4.3.8.RELEASE]
	at org.springframework.beans.factory.annotation.AutowiredAnnotationBeanPostProcessor$AutowiredFieldElement.inject(AutowiredAnnotationBeanPostProcessor.java:585) ~[spring-beans-4.3.8.RELEASE.jar:4.3.8.RELEASE]
	... 19 common frames omitted
Caused by: org.springframework.beans.BeanInstantiationException: Failed to instantiate [org.springframework.cloud.netflix.archaius.ConfigurableEnvironmentConfiguration]: Circular reference involving containing bean 'org.springframework.cloud.netflix.archaius.ArchaiusAutoConfiguration' - consider declaring the factory method as static for independence from its containing instance. Factory method 'configurableEnvironmentConfiguration' threw exception; nested exception is java.lang.IllegalArgumentException: Could not resolve placeholder 'HOST_ADDRESS' in value "simu-${HOST_ADDRESS}-tss-${spring.profiles.active:default}"
	at org.springframework.beans.factory.support.SimpleInstantiationStrategy.instantiate(SimpleInstantiationStrategy.java:189) ~[spring-beans-4.3.8.RELEASE.jar:4.3.8.RELEASE]
	at org.springframework.beans.factory.support.ConstructorResolver.instantiateUsingFactoryMethod(ConstructorResolver.java:588) ~[spring-beans-4.3.8.RELEASE.jar:4.3.8.RELEASE]
	... 34 common frames omitted
Caused by: java.lang.IllegalArgumentException: Could not resolve placeholder 'HOST_ADDRESS' in value "simu-${HOST_ADDRESS}-tss-${spring.profiles.active:default}"
	at org.springframework.util.PropertyPlaceholderHelper.parseStringValue(PropertyPlaceholderHelper.java:174) ~[spring-core-4.3.8.RELEASE.jar:4.3.8.RELEASE]
	at org.springframework.util.PropertyPlaceholderHelper.replacePlaceholders(PropertyPlaceholderHelper.java:126) ~[spring-core-4.3.8.RELEASE.jar:4.3.8.RELEASE]
	at org.springframework.core.env.AbstractPropertyResolver.doResolvePlaceholders(AbstractPropertyResolver.java:236) ~[spring-core-4.3.8.RELEASE.jar:4.3.8.RELEASE]
	at org.springframework.core.env.AbstractPropertyResolver.resolveRequiredPlaceholders(AbstractPropertyResolver.java:210) ~[spring-core-4.3.8.RELEASE.jar:4.3.8.RELEASE]
	at org.springframework.core.env.AbstractPropertyResolver.resolveNestedPlaceholders(AbstractPropertyResolver.java:227) ~[spring-core-4.3.8.RELEASE.jar:4.3.8.RELEASE]
	at org.springframework.core.env.PropertySourcesPropertyResolver.getProperty(PropertySourcesPropertyResolver.java:83) ~[spring-core-4.3.8.RELEASE.jar:4.3.8.RELEASE]
	at org.springframework.core.env.PropertySourcesPropertyResolver.getProperty(PropertySourcesPropertyResolver.java:61) ~[spring-core-4.3.8.RELEASE.jar:4.3.8.RELEASE]
	at org.springframework.core.env.AbstractEnvironment.getProperty(AbstractEnvironment.java:530) ~[spring-core-4.3.8.RELEASE.jar:4.3.8.RELEASE]
	at org.springframework.cloud.netflix.archaius.ArchaiusAutoConfiguration.configureArchaius(ArchaiusAutoConfiguration.java:144) ~[spring-cloud-netflix-core-1.3.5.RELEASE.jar:1.3.5.RELEASE]
	at org.springframework.cloud.netflix.archaius.ArchaiusAutoConfiguration.configurableEnvironmentConfiguration(ArchaiusAutoConfiguration.java:102) ~[spring-cloud-netflix-core-1.3.5.RELEASE.jar:1.3.5.RELEASE]
	at org.springframework.cloud.netflix.archaius.ArchaiusAutoConfiguration$$EnhancerBySpringCGLIB$$1a3b97d5.CGLIB$configurableEnvironmentConfiguration$1(<generated>) ~[spring-cloud-netflix-core-1.3.5.RELEASE.jar:1.3.5.RELEASE]
	at org.springframework.cloud.netflix.archaius.ArchaiusAutoConfiguration$$EnhancerBySpringCGLIB$$1a3b97d5$$FastClassBySpringCGLIB$$35dcc12.invoke(<generated>) ~[spring-cloud-netflix-core-1.3.5.RELEASE.jar:1.3.5.RELEASE]
	at org.springframework.cglib.proxy.MethodProxy.invokeSuper(MethodProxy.java:228) ~[spring-core-4.3.8.RELEASE.jar:4.3.8.RELEASE]
	at org.springframework.context.annotation.ConfigurationClassEnhancer$BeanMethodInterceptor.intercept(ConfigurationClassEnhancer.java:358) ~[spring-context-4.3.8.RELEASE.jar:4.3.8.RELEASE]
	at org.springframework.cloud.netflix.archaius.ArchaiusAutoConfiguration$$EnhancerBySpringCGLIB$$1a3b97d5.configurableEnvironmentConfiguration(<generated>) ~[spring-cloud-netflix-core-1.3.5.RELEASE.jar:1.3.5.RELEASE]
	at sun.reflect.NativeMethodAccessorImpl.invoke0(Native Method) ~[na:1.8.0_152]
	at sun.reflect.NativeMethodAccessorImpl.invoke(NativeMethodAccessorImpl.java:62) ~[na:1.8.0_152]
	at sun.reflect.DelegatingMethodAccessorImpl.invoke(DelegatingMethodAccessorImpl.java:43) ~[na:1.8.0_152]
	at java.lang.reflect.Method.invoke(Method.java:498) ~[na:1.8.0_152]
	at org.springframework.beans.factory.support.SimpleInstantiationStrategy.instantiate(SimpleInstantiationStrategy.java:162) ~[spring-beans-4.3.8.RELEASE.jar:4.3.8.RELEASE]
	... 35 common frames omitted

2017-12-07 11:17:33.172  INFO [simu-tss-tss-default,,,] 4395 --- [main] cn.superid.tss.WebApplication            : No active profile set, falling back to default profiles: default
2017-12-07 11:17:33.193  INFO [simu-tss-tss-default,,,] 4395 --- [main] ationConfigEmbeddedWebApplicationContext : Refreshing org.springframework.boot.context.embedded.AnnotationConfigEmbeddedWebApplicationContext@15a902e7: startup date [Thu Dec 07 11:17:33 CST 2017]; parent: org.springframework.context.annotation.AnnotationConfigApplicationContext@f78a47e
2017-12-07 11:17:34.131  INFO [simu-tss-tss-default,,,] 4395 --- [main] o.s.i.config.IntegrationRegistrar        : No bean named 'integrationHeaderChannelRegistry' has been explicitly defined. Therefore, a default DefaultHeaderChannelRegistry will be created.
2017-12-07 11:17:34.617  INFO [simu-tss-tss-default,,,] 4395 --- [main] o.s.cloud.context.scope.GenericScope     : BeanFactory id=495cc94d-ff02-36b5-ae84-bb11ebb89c32
2017-12-07 11:17:34.629  INFO [simu-tss-tss-default,,,] 4395 --- [main] faultConfiguringBeanFactoryPostProcessor : No bean named 'errorChannel' has been explicitly defined. Therefore, a default PublishSubscribeChannel will be created.
2017-12-07 11:17:34.634  INFO [simu-tss-tss-default,,,] 4395 --- [main] faultConfiguringBeanFactoryPostProcessor : No bean named 'taskScheduler' has been explicitly defined. Therefore, a default ThreadPoolTaskScheduler will be created.
2017-12-07 11:17:34.643  INFO [simu-tss-tss-default,,,] 4395 --- [main] f.a.AutowiredAnnotationBeanPostProcessor : JSR-330 'javax.inject.Inject' annotation found and supported for autowiring
2017-12-07 11:17:34.734  INFO [simu-tss-tss-default,,,] 4395 --- [main] trationDelegate$BeanPostProcessorChecker : Bean 'org.springframework.amqp.rabbit.annotation.RabbitBootstrapConfiguration' of type [org.springframework.amqp.rabbit.annotation.RabbitBootstrapConfiguration$$EnhancerBySpringCGLIB$$e50514e9] is not eligible for getting processed by all BeanPostProcessors (for example: not eligible for auto-proxying)
2017-12-07 11:17:34.816  INFO [simu-tss-tss-default,,,] 4395 --- [main] trationDelegate$BeanPostProcessorChecker : Bean 'org.springframework.cloud.sleuth.instrument.async.AsyncDefaultAutoConfiguration$DefaultAsyncConfigurerSupport' of type [org.springframework.cloud.sleuth.instrument.async.AsyncDefaultAutoConfiguration$DefaultAsyncConfigurerSupport$$EnhancerBySpringCGLIB$$5bdaf47e] is not eligible for getting processed by all BeanPostProcessors (for example: not eligible for auto-proxying)
2017-12-07 11:17:34.882  INFO [simu-tss-tss-default,,,] 4395 --- [main] trationDelegate$BeanPostProcessorChecker : Bean 'org.springframework.retry.annotation.RetryConfiguration' of type [org.springframework.retry.annotation.RetryConfiguration$$EnhancerBySpringCGLIB$$145ceee0] is not eligible for getting processed by all BeanPostProcessors (for example: not eligible for auto-proxying)
2017-12-07 11:17:34.979  INFO [simu-tss-tss-default,,,] 4395 --- [main] trationDelegate$BeanPostProcessorChecker : Bean 'org.springframework.cloud.sleuth.annotation.SleuthAnnotationAutoConfiguration' of type [org.springframework.cloud.sleuth.annotation.SleuthAnnotationAutoConfiguration$$EnhancerBySpringCGLIB$$20fe9ced] is not eligible for getting processed by all BeanPostProcessors (for example: not eligible for auto-proxying)
2017-12-07 11:17:35.239  INFO [simu-tss-tss-default,,,] 4395 --- [main] trationDelegate$BeanPostProcessorChecker : Bean 'sleuthAdvisorConfig' of type [org.springframework.cloud.sleuth.annotation.SleuthAdvisorConfig] is not eligible for getting processed by all BeanPostProcessors (for example: not eligible for auto-proxying)
2017-12-07 11:17:35.249  INFO [simu-tss-tss-default,,,] 4395 --- [main] trationDelegate$BeanPostProcessorChecker : Bean 'org.springframework.transaction.annotation.ProxyTransactionManagementConfiguration' of type [org.springframework.transaction.annotation.ProxyTransactionManagementConfiguration$$EnhancerBySpringCGLIB$$1e9956bb] is not eligible for getting processed by all BeanPostProcessors (for example: not eligible for auto-proxying)
2017-12-07 11:17:35.316  INFO [simu-tss-tss-default,,,] 4395 --- [main] trationDelegate$BeanPostProcessorChecker : Bean 'org.springframework.cloud.netflix.metrics.MetricsInterceptorConfiguration$MetricsRestTemplateConfiguration' of type [org.springframework.cloud.netflix.metrics.MetricsInterceptorConfiguration$MetricsRestTemplateConfiguration$$EnhancerBySpringCGLIB$$50c5fcfc] is not eligible for getting processed by all BeanPostProcessors (for example: not eligible for auto-proxying)
2017-12-07 11:17:35.389  INFO [simu-tss-tss-default,,,] 4395 --- [main] trationDelegate$BeanPostProcessorChecker : Bean 'integrationGlobalProperties' of type [org.springframework.beans.factory.config.PropertiesFactoryBean] is not eligible for getting processed by all BeanPostProcessors (for example: not eligible for auto-proxying)
2017-12-07 11:17:35.400  INFO [simu-tss-tss-default,,,] 4395 --- [main] trationDelegate$BeanPostProcessorChecker : Bean 'integrationGlobalProperties' of type [java.util.Properties] is not eligible for getting processed by all BeanPostProcessors (for example: not eligible for auto-proxying)
2017-12-07 11:17:35.499  INFO [simu-tss-tss-default,,,] 4395 --- [main] trationDelegate$BeanPostProcessorChecker : Bean 'org.springframework.cloud.autoconfigure.ConfigurationPropertiesRebinderAutoConfiguration' of type [org.springframework.cloud.autoconfigure.ConfigurationPropertiesRebinderAutoConfiguration$$EnhancerBySpringCGLIB$$3ab359b8] is not eligible for getting processed by all BeanPostProcessors (for example: not eligible for auto-proxying)
2017-12-07 11:17:35.536  INFO [simu-tss-tss-default,,,] 4395 --- [main] trationDelegate$BeanPostProcessorChecker : Bean 'org.springframework.cloud.stream.config.BindingServiceConfiguration$PostProcessorConfiguration' of type [org.springframework.cloud.stream.config.BindingServiceConfiguration$PostProcessorConfiguration$$EnhancerBySpringCGLIB$$e060f4c0] is not eligible for getting processed by all BeanPostProcessors (for example: not eligible for auto-proxying)
2017-12-07 11:17:35.628  INFO [simu-tss-tss-default,,,] 4395 --- [main] trationDelegate$BeanPostProcessorChecker : Bean 'org.springframework.cloud.sleuth.instrument.web.client.feign.TraceFeignClientAutoConfiguration$FeignBeanPostProcessorConfiguration' of type [org.springframework.cloud.sleuth.instrument.web.client.feign.TraceFeignClientAutoConfiguration$FeignBeanPostProcessorConfiguration$$EnhancerBySpringCGLIB$$5e2b2f81] is not eligible for getting processed by all BeanPostProcessors (for example: not eligible for auto-proxying)
2017-12-07 11:17:35.651  INFO [simu-tss-tss-default,,,] 4395 --- [main] trationDelegate$BeanPostProcessorChecker : Bean 'org.springframework.cloud.sleuth.instrument.async.AsyncDefaultAutoConfiguration' of type [org.springframework.cloud.sleuth.instrument.async.AsyncDefaultAutoConfiguration$$EnhancerBySpringCGLIB$$67d02da] is not eligible for getting processed by all BeanPostProcessors (for example: not eligible for auto-proxying)
2017-12-07 11:17:36.077  INFO [simu-tss-tss-default,,,] 4395 --- [main] org.xnio                                 : XNIO version 3.3.6.Final
2017-12-07 11:17:36.102  INFO [simu-tss-tss-default,,,] 4395 --- [main] org.xnio.nio                             : XNIO NIO Implementation Version 3.3.6.Final
2017-12-07 11:17:36.309  WARN [simu-tss-tss-default,,,] 4395 --- [main] io.undertow.websockets.jsr               : UT026009: XNIO worker was not set on WebSocketDeploymentInfo, the default worker will be used
2017-12-07 11:17:36.309  WARN [simu-tss-tss-default,,,] 4395 --- [main] io.undertow.websockets.jsr               : UT026010: Buffer pool was not set on WebSocketDeploymentInfo, the default pool will be used
2017-12-07 11:17:36.333  INFO [simu-tss-tss-default,,,] 4395 --- [main] io.undertow.servlet                      : Initializing Spring embedded WebApplicationContext
2017-12-07 11:17:36.333  INFO [simu-tss-tss-default,,,] 4395 --- [main] o.s.web.context.ContextLoader            : Root WebApplicationContext: initialization completed in 3140 ms
2017-12-07 11:17:37.447  INFO [simu-tss-tss-default,,,] 4395 --- [main] o.s.b.w.servlet.FilterRegistrationBean   : Mapping filter: 'metricsFilter' to: [/*]
2017-12-07 11:17:37.448  INFO [simu-tss-tss-default,,,] 4395 --- [main] o.s.b.w.servlet.FilterRegistrationBean   : Mapping filter: 'characterEncodingFilter' to: [/*]
2017-12-07 11:17:37.448  INFO [simu-tss-tss-default,,,] 4395 --- [main] o.s.b.w.servlet.FilterRegistrationBean   : Mapping filter: 'traceFilter' to: [/*]
2017-12-07 11:17:37.449  INFO [simu-tss-tss-default,,,] 4395 --- [main] o.s.b.w.servlet.FilterRegistrationBean   : Mapping filter: 'hiddenHttpMethodFilter' to: [/*]
2017-12-07 11:17:37.449  INFO [simu-tss-tss-default,,,] 4395 --- [main] o.s.b.w.servlet.FilterRegistrationBean   : Mapping filter: 'httpPutFormContentFilter' to: [/*]
2017-12-07 11:17:37.449  INFO [simu-tss-tss-default,,,] 4395 --- [main] o.s.b.w.servlet.FilterRegistrationBean   : Mapping filter: 'requestContextFilter' to: [/*]
2017-12-07 11:17:37.449  INFO [simu-tss-tss-default,,,] 4395 --- [main] o.s.b.w.servlet.FilterRegistrationBean   : Mapping filter: 'webRequestLoggingFilter' to: [/*]
2017-12-07 11:17:37.449  INFO [simu-tss-tss-default,,,] 4395 --- [main] o.s.b.w.servlet.FilterRegistrationBean   : Mapping filter: 'applicationContextIdFilter' to: [/*]
2017-12-07 11:17:37.449  INFO [simu-tss-tss-default,,,] 4395 --- [main] o.s.b.w.servlet.ServletRegistrationBean  : Mapping servlet: 'proxyStreamServlet' to [/proxy.stream]
2017-12-07 11:17:37.464  INFO [simu-tss-tss-default,,,] 4395 --- [main] o.s.b.w.servlet.ServletRegistrationBean  : Mapping servlet: 'dispatcherServlet' to [/]
2017-12-07 11:17:44.255  INFO [simu-tss-tss-default,,,] 4395 --- [main] o.s.ui.freemarker.SpringTemplateLoader   : SpringTemplateLoader for FreeMarker: using resource loader [org.springframework.boot.context.embedded.AnnotationConfigEmbeddedWebApplicationContext@15a902e7: startup date [Thu Dec 07 11:17:33 CST 2017]; parent: org.springframework.context.annotation.AnnotationConfigApplicationContext@f78a47e] and template loader path [classpath:/templates/]
2017-12-07 11:17:44.256  INFO [simu-tss-tss-default,,,] 4395 --- [main] o.s.w.s.v.f.FreeMarkerConfigurer         : ClassTemplateLoader for Spring macros added to FreeMarker configuration
2017-12-07 11:17:44.347  WARN [simu-tss-tss-default,,,] 4395 --- [main] c.n.c.sources.URLConfigurationSource     : No URLs will be polled as dynamic configuration sources.
2017-12-07 11:17:44.347  INFO [simu-tss-tss-default,,,] 4395 --- [main] c.n.c.sources.URLConfigurationSource     : To enable URLs as dynamic configuration sources, define System property archaius.configurationSource.additionalUrls or make config.properties available on classpath.
2017-12-07 11:17:44.357  INFO [simu-tss-tss-default,,,] 4395 --- [main] c.netflix.config.DynamicPropertyFactory  : DynamicPropertyFactory is initialized with configuration sources: com.netflix.config.ConcurrentCompositeConfiguration@243162b1
2017-12-07 11:17:46.630  WARN [simu-tss-tss-default,,,] 4395 --- [main] c.n.c.sources.URLConfigurationSource     : No URLs will be polled as dynamic configuration sources.
2017-12-07 11:17:46.635  INFO [simu-tss-tss-default,,,] 4395 --- [main] c.n.c.sources.URLConfigurationSource     : To enable URLs as dynamic configuration sources, define System property archaius.configurationSource.additionalUrls or make config.properties available on classpath.
2017-12-07 11:17:47.332  INFO [simu-tss-tss-default,,,] 4395 --- [main] s.w.s.m.m.a.RequestMappingHandlerAdapter : Looking for @ControllerAdvice: org.springframework.boot.context.embedded.AnnotationConfigEmbeddedWebApplicationContext@15a902e7: startup date [Thu Dec 07 11:17:33 CST 2017]; parent: org.springframework.context.annotation.AnnotationConfigApplicationContext@f78a47e
2017-12-07 11:17:47.550  INFO [simu-tss-tss-default,,,] 4395 --- [main] s.w.s.m.m.a.RequestMappingHandlerMapping : Mapped "{[/test/test1],methods=[GET]}" onto public cn.superid.common.rest.dto.SimpleResponse cn.superid.tss.controller.TestController.test1(java.lang.String)
2017-12-07 11:17:47.551  INFO [simu-tss-tss-default,,,] 4395 --- [main] s.w.s.m.m.a.RequestMappingHandlerMapping : Mapped "{[/hystrix/{path}]}" onto public java.lang.String org.springframework.cloud.netflix.hystrix.dashboard.HystrixDashboardController.monitor(java.lang.String,org.springframework.ui.Model,org.springframework.web.context.request.WebRequest)
2017-12-07 11:17:47.551  INFO [simu-tss-tss-default,,,] 4395 --- [main] s.w.s.m.m.a.RequestMappingHandlerMapping : Mapped "{[/hystrix]}" onto public java.lang.String org.springframework.cloud.netflix.hystrix.dashboard.HystrixDashboardController.home(org.springframework.ui.Model,org.springframework.web.context.request.WebRequest)
2017-12-07 11:17:47.553  INFO [simu-tss-tss-default,,,] 4395 --- [main] s.w.s.m.m.a.RequestMappingHandlerMapping : Mapped "{[/error]}" onto public org.springframework.http.ResponseEntity<java.util.Map<java.lang.String, java.lang.Object>> org.springframework.boot.autoconfigure.web.BasicErrorController.error(javax.servlet.http.HttpServletRequest)
2017-12-07 11:17:47.553  INFO [simu-tss-tss-default,,,] 4395 --- [main] s.w.s.m.m.a.RequestMappingHandlerMapping : Mapped "{[/error],produces=[text/html]}" onto public org.springframework.web.servlet.ModelAndView org.springframework.boot.autoconfigure.web.BasicErrorController.errorHtml(javax.servlet.http.HttpServletRequest,javax.servlet.http.HttpServletResponse)
2017-12-07 11:17:47.720  INFO [simu-tss-tss-default,,,] 4395 --- [main] o.s.w.s.handler.SimpleUrlHandlerMapping  : Mapped URL path [/webjars/**] onto handler of type [class org.springframework.web.servlet.resource.ResourceHttpRequestHandler]
2017-12-07 11:17:47.720  INFO [simu-tss-tss-default,,,] 4395 --- [main] o.s.w.s.handler.SimpleUrlHandlerMapping  : Mapped URL path [/**] onto handler of type [class org.springframework.web.servlet.resource.ResourceHttpRequestHandler]
2017-12-07 11:17:47.830  INFO [simu-tss-tss-default,,,] 4395 --- [main] o.s.w.s.handler.SimpleUrlHandlerMapping  : Mapped URL path [/**/favicon.ico] onto handler of type [class org.springframework.web.servlet.resource.ResourceHttpRequestHandler]
2017-12-07 11:17:49.502  INFO [simu-tss-tss-default,,,] 4395 --- [main] o.s.s.c.ThreadPoolTaskScheduler          : Initializing ExecutorService  'taskScheduler'
2017-12-07 11:17:50.404  INFO [simu-tss-tss-default,,,] 4395 --- [main] o.s.b.a.e.mvc.EndpointHandlerMapping     : Mapped "{[/pause || /pause.json],methods=[POST]}" onto public java.lang.Object org.springframework.cloud.endpoint.GenericPostableMvcEndpoint.invoke()
2017-12-07 11:17:50.405  INFO [simu-tss-tss-default,,,] 4395 --- [main] o.s.b.a.e.mvc.EndpointHandlerMapping     : Mapped "{[/env/{name:.*}],methods=[GET],produces=[application/vnd.spring-boot.actuator.v1+json || application/json]}" onto public java.lang.Object org.springframework.boot.actuate.endpoint.mvc.EnvironmentMvcEndpoint.value(java.lang.String)
2017-12-07 11:17:50.405  INFO [simu-tss-tss-default,,,] 4395 --- [main] o.s.b.a.e.mvc.EndpointHandlerMapping     : Mapped "{[/env || /env.json],methods=[GET],produces=[application/vnd.spring-boot.actuator.v1+json || application/json]}" onto public java.lang.Object org.springframework.boot.actuate.endpoint.mvc.EndpointMvcAdapter.invoke()
2017-12-07 11:17:50.406  INFO [simu-tss-tss-default,,,] 4395 --- [main] o.s.b.a.e.mvc.EndpointHandlerMapping     : Mapped "{[/consul || /consul.json],methods=[GET],produces=[application/vnd.spring-boot.actuator.v1+json || application/json]}" onto public java.lang.Object org.springframework.boot.actuate.endpoint.mvc.EndpointMvcAdapter.invoke()
2017-12-07 11:17:50.406  INFO [simu-tss-tss-default,,,] 4395 --- [main] o.s.b.a.e.mvc.EndpointHandlerMapping     : Mapped "{[/features || /features.json],methods=[GET],produces=[application/vnd.spring-boot.actuator.v1+json || application/json]}" onto public java.lang.Object org.springframework.boot.actuate.endpoint.mvc.EndpointMvcAdapter.invoke()
2017-12-07 11:17:50.406  INFO [simu-tss-tss-default,,,] 4395 --- [main] o.s.b.a.e.mvc.EndpointHandlerMapping     : Mapped "{[/dump || /dump.json],methods=[GET],produces=[application/vnd.spring-boot.actuator.v1+json || application/json]}" onto public java.lang.Object org.springframework.boot.actuate.endpoint.mvc.EndpointMvcAdapter.invoke()
2017-12-07 11:17:50.407  INFO [simu-tss-tss-default,,,] 4395 --- [main] o.s.b.a.e.mvc.EndpointHandlerMapping     : Mapped "{[/auditevents || /auditevents.json],methods=[GET],produces=[application/vnd.spring-boot.actuator.v1+json || application/json]}" onto public org.springframework.http.ResponseEntity<?> org.springframework.boot.actuate.endpoint.mvc.AuditEventsMvcEndpoint.findByPrincipalAndAfterAndType(java.lang.String,java.util.Date,java.lang.String)
2017-12-07 11:17:50.407  INFO [simu-tss-tss-default,,,] 4395 --- [main] o.s.b.a.e.mvc.EndpointHandlerMapping     : Mapped "{[/configprops || /configprops.json],methods=[GET],produces=[application/vnd.spring-boot.actuator.v1+json || application/json]}" onto public java.lang.Object org.springframework.boot.actuate.endpoint.mvc.EndpointMvcAdapter.invoke()
2017-12-07 11:17:50.408  INFO [simu-tss-tss-default,,,] 4395 --- [main] o.s.b.a.e.mvc.EndpointHandlerMapping     : Mapped "{[/env],methods=[POST]}" onto public java.lang.Object org.springframework.cloud.context.environment.EnvironmentManagerMvcEndpoint.value(java.util.Map<java.lang.String, java.lang.String>)
2017-12-07 11:17:50.408  INFO [simu-tss-tss-default,,,] 4395 --- [main] o.s.b.a.e.mvc.EndpointHandlerMapping     : Mapped "{[/env/reset],methods=[POST]}" onto public java.util.Map<java.lang.String, java.lang.Object> org.springframework.cloud.context.environment.EnvironmentManagerMvcEndpoint.reset()
2017-12-07 11:17:50.409  INFO [simu-tss-tss-default,,,] 4395 --- [main] o.s.b.a.e.mvc.EndpointHandlerMapping     : Mapped "{[/heapdump || /heapdump.json],methods=[GET],produces=[application/octet-stream]}" onto public void org.springframework.boot.actuate.endpoint.mvc.HeapdumpMvcEndpoint.invoke(boolean,javax.servlet.http.HttpServletRequest,javax.servlet.http.HttpServletResponse) throws java.io.IOException,javax.servlet.ServletException
2017-12-07 11:17:50.410  INFO [simu-tss-tss-default,,,] 4395 --- [main] o.s.b.a.e.mvc.EndpointHandlerMapping     : Mapped "{[/health || /health.json],methods=[GET],produces=[application/vnd.spring-boot.actuator.v1+json || application/json]}" onto public java.lang.Object org.springframework.boot.actuate.endpoint.mvc.HealthMvcEndpoint.invoke(javax.servlet.http.HttpServletRequest,java.security.Principal)
2017-12-07 11:17:50.411  INFO [simu-tss-tss-default,,,] 4395 --- [main] o.s.b.a.e.mvc.EndpointHandlerMapping     : Mapped "{[/refresh || /refresh.json],methods=[POST]}" onto public java.lang.Object org.springframework.cloud.endpoint.GenericPostableMvcEndpoint.invoke()
2017-12-07 11:17:50.412  INFO [simu-tss-tss-default,,,] 4395 --- [main] o.s.b.a.e.mvc.EndpointHandlerMapping     : Mapped "{[/service-registry/instance-status],methods=[GET]}" onto public org.springframework.http.ResponseEntity org.springframework.cloud.client.serviceregistry.endpoint.ServiceRegistryEndpoint.getStatus()
2017-12-07 11:17:50.412  INFO [simu-tss-tss-default,,,] 4395 --- [main] o.s.b.a.e.mvc.EndpointHandlerMapping     : Mapped "{[/service-registry/instance-status],methods=[POST]}" onto public org.springframework.http.ResponseEntity<?> org.springframework.cloud.client.serviceregistry.endpoint.ServiceRegistryEndpoint.setStatus(java.lang.String)
2017-12-07 11:17:50.414  INFO [simu-tss-tss-default,,,] 4395 --- [main] o.s.b.a.e.mvc.EndpointHandlerMapping     : Mapped "{[/loggers/{name:.*}],methods=[GET],produces=[application/vnd.spring-boot.actuator.v1+json || application/json]}" onto public java.lang.Object org.springframework.boot.actuate.endpoint.mvc.LoggersMvcEndpoint.get(java.lang.String)
2017-12-07 11:17:50.414  INFO [simu-tss-tss-default,,,] 4395 --- [main] o.s.b.a.e.mvc.EndpointHandlerMapping     : Mapped "{[/loggers/{name:.*}],methods=[POST],consumes=[application/vnd.spring-boot.actuator.v1+json || application/json],produces=[application/vnd.spring-boot.actuator.v1+json || application/json]}" onto public java.lang.Object org.springframework.boot.actuate.endpoint.mvc.LoggersMvcEndpoint.set(java.lang.String,java.util.Map<java.lang.String, java.lang.String>)
2017-12-07 11:17:50.414  INFO [simu-tss-tss-default,,,] 4395 --- [main] o.s.b.a.e.mvc.EndpointHandlerMapping     : Mapped "{[/loggers || /loggers.json],methods=[GET],produces=[application/vnd.spring-boot.actuator.v1+json || application/json]}" onto public java.lang.Object org.springframework.boot.actuate.endpoint.mvc.EndpointMvcAdapter.invoke()
2017-12-07 11:17:50.415  INFO [simu-tss-tss-default,,,] 4395 --- [main] o.s.b.a.e.mvc.EndpointHandlerMapping     : Mapped "{[/autoconfig || /autoconfig.json],methods=[GET],produces=[application/vnd.spring-boot.actuator.v1+json || application/json]}" onto public java.lang.Object org.springframework.boot.actuate.endpoint.mvc.EndpointMvcAdapter.invoke()
2017-12-07 11:17:50.415  INFO [simu-tss-tss-default,,,] 4395 --- [main] o.s.b.a.e.mvc.EndpointHandlerMapping     : Mapped "{[/info || /info.json],methods=[GET],produces=[application/vnd.spring-boot.actuator.v1+json || application/json]}" onto public java.lang.Object org.springframework.boot.actuate.endpoint.mvc.EndpointMvcAdapter.invoke()
2017-12-07 11:17:50.415  INFO [simu-tss-tss-default,,,] 4395 --- [main] o.s.b.a.e.mvc.EndpointHandlerMapping     : Mapped "{[/trace || /trace.json],methods=[GET],produces=[application/vnd.spring-boot.actuator.v1+json || application/json]}" onto public java.lang.Object org.springframework.boot.actuate.endpoint.mvc.EndpointMvcAdapter.invoke()
2017-12-07 11:17:50.416  INFO [simu-tss-tss-default,,,] 4395 --- [main] o.s.b.a.e.mvc.EndpointHandlerMapping     : Mapped "{[/archaius || /archaius.json],methods=[GET],produces=[application/vnd.spring-boot.actuator.v1+json || application/json]}" onto public java.lang.Object org.springframework.boot.actuate.endpoint.mvc.EndpointMvcAdapter.invoke()
2017-12-07 11:17:50.416  INFO [simu-tss-tss-default,,,] 4395 --- [main] o.s.b.a.e.mvc.EndpointHandlerMapping     : Mapped "{[/beans || /beans.json],methods=[GET],produces=[application/vnd.spring-boot.actuator.v1+json || application/json]}" onto public java.lang.Object org.springframework.boot.actuate.endpoint.mvc.EndpointMvcAdapter.invoke()
2017-12-07 11:17:50.417  INFO [simu-tss-tss-default,,,] 4395 --- [main] o.s.b.a.e.mvc.EndpointHandlerMapping     : Mapped "{[/resume || /resume.json],methods=[POST]}" onto public java.lang.Object org.springframework.cloud.endpoint.GenericPostableMvcEndpoint.invoke()
2017-12-07 11:17:50.417  INFO [simu-tss-tss-default,,,] 4395 --- [main] o.s.b.a.e.mvc.EndpointHandlerMapping     : Mapped "{[/metrics/{name:.*}],methods=[GET],produces=[application/vnd.spring-boot.actuator.v1+json || application/json]}" onto public java.lang.Object org.springframework.boot.actuate.endpoint.mvc.MetricsMvcEndpoint.value(java.lang.String)
2017-12-07 11:17:50.417  INFO [simu-tss-tss-default,,,] 4395 --- [main] o.s.b.a.e.mvc.EndpointHandlerMapping     : Mapped "{[/metrics || /metrics.json],methods=[GET],produces=[application/vnd.spring-boot.actuator.v1+json || application/json]}" onto public java.lang.Object org.springframework.boot.actuate.endpoint.mvc.EndpointMvcAdapter.invoke()
2017-12-07 11:17:50.418  INFO [simu-tss-tss-default,,,] 4395 --- [main] o.s.b.a.e.mvc.EndpointHandlerMapping     : Mapped "{[/hystrix.stream/**]}" onto public org.springframework.web.servlet.ModelAndView org.springframework.cloud.netflix.endpoint.ServletWrappingEndpoint.handle(javax.servlet.http.HttpServletRequest,javax.servlet.http.HttpServletResponse) throws java.lang.Exception
2017-12-07 11:17:50.418  INFO [simu-tss-tss-default,,,] 4395 --- [main] o.s.b.a.e.mvc.EndpointHandlerMapping     : Mapped "{[/mappings || /mappings.json],methods=[GET],produces=[application/vnd.spring-boot.actuator.v1+json || application/json]}" onto public java.lang.Object org.springframework.boot.actuate.endpoint.mvc.EndpointMvcAdapter.invoke()
2017-12-07 11:17:50.419  INFO [simu-tss-tss-default,,,] 4395 --- [main] o.s.b.a.e.mvc.EndpointHandlerMapping     : Mapped "{[/logfile || /logfile.json],methods=[GET || HEAD]}" onto public void org.springframework.boot.actuate.endpoint.mvc.LogFileMvcEndpoint.invoke(javax.servlet.http.HttpServletRequest,javax.servlet.http.HttpServletResponse) throws javax.servlet.ServletException,java.io.IOException
2017-12-07 11:17:50.419  INFO [simu-tss-tss-default,,,] 4395 --- [main] o.s.b.a.e.mvc.EndpointHandlerMapping     : Mapped "{[/channels || /channels.json],methods=[GET],produces=[application/vnd.spring-boot.actuator.v1+json || application/json]}" onto public java.lang.Object org.springframework.boot.actuate.endpoint.mvc.EndpointMvcAdapter.invoke()
2017-12-07 11:17:50.419  INFO [simu-tss-tss-default,,,] 4395 --- [main] o.s.b.a.e.mvc.EndpointHandlerMapping     : Mapped "{[/restart || /restart.json],methods=[POST]}" onto public java.lang.Object org.springframework.cloud.context.restart.RestartMvcEndpoint.invoke()
2017-12-07 11:17:54.923  INFO [simu-tss-tss-default,,,] 4395 --- [main] o.s.s.c.ThreadPoolTaskScheduler          : Initializing ExecutorService 
2017-12-07 11:17:55.129  INFO [simu-tss-tss-default,,,] 4395 --- [main] o.s.i.codec.kryo.CompositeKryoRegistrar  : configured Kryo registration [40, java.io.File] with serializer org.springframework.integration.codec.kryo.FileSerializer
2017-12-07 11:17:55.350  INFO [simu-tss-tss-default,,,] 4395 --- [main] o.s.j.e.a.AnnotationMBeanExporter        : Registering beans for JMX exposure on startup
2017-12-07 11:17:55.351  INFO [simu-tss-tss-default,,,] 4395 --- [main] o.s.j.e.a.AnnotationMBeanExporter        : Bean with name 'DataSource' has been autodetected for JMX exposure
2017-12-07 11:17:55.360  INFO [simu-tss-tss-default,,,] 4395 --- [main] o.s.j.e.a.AnnotationMBeanExporter        : Bean with name 'rabbitConnectionFactory' has been autodetected for JMX exposure
2017-12-07 11:17:55.360  INFO [simu-tss-tss-default,,,] 4395 --- [main] o.s.j.e.a.AnnotationMBeanExporter        : Bean with name 'integrationMbeanExporter' has been autodetected for JMX exposure
2017-12-07 11:17:55.361  INFO [simu-tss-tss-default,,,] 4395 --- [main] o.s.j.e.a.AnnotationMBeanExporter        : Bean with name 'configurationPropertiesRebinder' has been autodetected for JMX exposure
2017-12-07 11:17:55.362  INFO [simu-tss-tss-default,,,] 4395 --- [main] o.s.j.e.a.AnnotationMBeanExporter        : Bean with name 'refreshEndpoint' has been autodetected for JMX exposure
2017-12-07 11:17:55.362  INFO [simu-tss-tss-default,,,] 4395 --- [main] o.s.j.e.a.AnnotationMBeanExporter        : Bean with name 'restartEndpoint' has been autodetected for JMX exposure
2017-12-07 11:17:55.362  INFO [simu-tss-tss-default,,,] 4395 --- [main] o.s.j.e.a.AnnotationMBeanExporter        : Bean with name 'environmentManager' has been autodetected for JMX exposure
2017-12-07 11:17:55.363  INFO [simu-tss-tss-default,,,] 4395 --- [main] o.s.j.e.a.AnnotationMBeanExporter        : Bean with name 'serviceRegistryEndpoint' has been autodetected for JMX exposure
2017-12-07 11:17:55.363  INFO [simu-tss-tss-default,,,] 4395 --- [main] o.s.j.e.a.AnnotationMBeanExporter        : Bean with name 'refreshScope' has been autodetected for JMX exposure
2017-12-07 11:17:55.366  INFO [simu-tss-tss-default,,,] 4395 --- [main] o.s.j.e.a.AnnotationMBeanExporter        : Located managed bean 'environmentManager': registering with JMX server as MBean [org.springframework.cloud.context.environment:name=environmentManager,type=EnvironmentManager]
2017-12-07 11:17:55.378  INFO [simu-tss-tss-default,,,] 4395 --- [main] o.s.j.e.a.AnnotationMBeanExporter        : Located managed bean 'restartEndpoint': registering with JMX server as MBean [org.springframework.cloud.context.restart:name=restartEndpoint,type=RestartEndpoint]
2017-12-07 11:17:55.386  INFO [simu-tss-tss-default,,,] 4395 --- [main] o.s.j.e.a.AnnotationMBeanExporter        : Located managed bean 'serviceRegistryEndpoint': registering with JMX server as MBean [org.springframework.cloud.client.serviceregistry.endpoint:name=serviceRegistryEndpoint,type=ServiceRegistryEndpoint]
2017-12-07 11:17:55.392  INFO [simu-tss-tss-default,,,] 4395 --- [main] o.s.j.e.a.AnnotationMBeanExporter        : Located managed bean 'refreshScope': registering with JMX server as MBean [org.springframework.cloud.context.scope.refresh:name=refreshScope,type=RefreshScope]
2017-12-07 11:17:55.401  INFO [simu-tss-tss-default,,,] 4395 --- [main] o.s.j.e.a.AnnotationMBeanExporter        : Located managed bean 'integrationMbeanExporter': registering with JMX server as MBean [org.springframework.integration.monitor:name=integrationMbeanExporter,type=IntegrationMBeanExporter]
2017-12-07 11:17:55.416  INFO [simu-tss-tss-default,,,] 4395 --- [main] o.s.j.e.a.AnnotationMBeanExporter        : Located managed bean 'configurationPropertiesRebinder': registering with JMX server as MBean [org.springframework.cloud.context.properties:name=configurationPropertiesRebinder,context=15a902e7,type=ConfigurationPropertiesRebinder]
2017-12-07 11:17:55.418  INFO [simu-tss-tss-default,,,] 4395 --- [main] o.s.j.e.a.AnnotationMBeanExporter        : Located managed bean 'rabbitConnectionFactory': registering with JMX server as MBean [org.springframework.amqp.rabbit.connection:name=rabbitConnectionFactory,type=CachingConnectionFactory]
2017-12-07 11:17:55.423  INFO [simu-tss-tss-default,,,] 4395 --- [main] o.s.j.e.a.AnnotationMBeanExporter        : Located managed bean 'refreshEndpoint': registering with JMX server as MBean [org.springframework.cloud.endpoint:name=refreshEndpoint,type=RefreshEndpoint]
2017-12-07 11:17:55.425  INFO [simu-tss-tss-default,,,] 4395 --- [main] o.s.j.e.a.AnnotationMBeanExporter        : Located MBean 'DataSource': registering with JMX server as MBean [com.alibaba.druid.pool:name=DataSource,type=DruidDataSource]
2017-12-07 11:17:55.432  INFO [simu-tss-tss-default,,,] 4395 --- [main] o.s.i.monitor.IntegrationMBeanExporter   : Registering beans for JMX exposure on startup
2017-12-07 11:17:55.432  INFO [simu-tss-tss-default,,,] 4395 --- [main] o.s.i.monitor.IntegrationMBeanExporter   : Registering MessageChannel errorChannel
2017-12-07 11:17:55.435  INFO [simu-tss-tss-default,,,] 4395 --- [main] o.s.i.monitor.IntegrationMBeanExporter   : Located managed bean 'org.springframework.integration:type=MessageChannel,name=errorChannel': registering with JMX server as MBean [org.springframework.integration:type=MessageChannel,name=errorChannel]
2017-12-07 11:17:55.461  INFO [simu-tss-tss-default,,,] 4395 --- [main] o.s.i.monitor.IntegrationMBeanExporter   : Registering MessageChannel sleuth
2017-12-07 11:17:55.462  INFO [simu-tss-tss-default,,,] 4395 --- [main] o.s.i.monitor.IntegrationMBeanExporter   : Located managed bean 'org.springframework.integration:type=MessageChannel,name=sleuth': registering with JMX server as MBean [org.springframework.integration:type=MessageChannel,name=sleuth]
2017-12-07 11:17:55.470  INFO [simu-tss-tss-default,,,] 4395 --- [main] o.s.i.monitor.IntegrationMBeanExporter   : Registering MessageChannel nullChannel
2017-12-07 11:17:55.471  INFO [simu-tss-tss-default,,,] 4395 --- [main] o.s.i.monitor.IntegrationMBeanExporter   : Located managed bean 'org.springframework.integration:type=MessageChannel,name=nullChannel': registering with JMX server as MBean [org.springframework.integration:type=MessageChannel,name=nullChannel]
2017-12-07 11:17:55.484  INFO [simu-tss-tss-default,,,] 4395 --- [main] o.s.i.monitor.IntegrationMBeanExporter   : Registering MessageHandler errorLogger
2017-12-07 11:17:55.486  INFO [simu-tss-tss-default,,,] 4395 --- [main] o.s.i.monitor.IntegrationMBeanExporter   : Located managed bean 'org.springframework.integration:type=MessageHandler,name=errorLogger,bean=internal': registering with JMX server as MBean [org.springframework.integration:type=MessageHandler,name=errorLogger,bean=internal]
2017-12-07 11:17:55.503  INFO [simu-tss-tss-default,,,] 4395 --- [main] o.s.i.monitor.IntegrationMBeanExporter   : Registering MessageSource sleuthStreamSpanReporter.poll.inboundChannelAdapter
2017-12-07 11:17:55.504  INFO [simu-tss-tss-default,,,] 4395 --- [main] o.s.i.monitor.IntegrationMBeanExporter   : Located managed bean 'org.springframework.integration:type=MessageSource,name=sleuthStreamSpanReporter.poll.inboundChannelAdapter,bean=endpoint': registering with JMX server as MBean [org.springframework.integration:type=MessageSource,name=sleuthStreamSpanReporter.poll.inboundChannelAdapter,bean=endpoint]
2017-12-07 11:17:55.864  INFO [simu-tss-tss-default,,,] 4395 --- [main] o.s.c.support.DefaultLifecycleProcessor  : Starting beans in phase -2147482648
2017-12-07 11:18:00.935  INFO [simu-tss-tss-default,,,] 4395 --- [main] s.c.a.AnnotationConfigApplicationContext : Refreshing org.springframework.context.annotation.AnnotationConfigApplicationContext@57d6d605: startup date [Thu Dec 07 11:18:00 CST 2017]; root of context hierarchy
2017-12-07 11:18:00.942  INFO [simu-tss-tss-default,,,] 4395 --- [main] f.a.AutowiredAnnotationBeanPostProcessor : JSR-330 'javax.inject.Inject' annotation found and supported for autowiring
2017-12-07 11:18:00.943  INFO [simu-tss-tss-default,,,] 4395 --- [main] trationDelegate$BeanPostProcessorChecker : Bean 'configurationPropertiesRebinderAutoConfiguration' of type [org.springframework.cloud.autoconfigure.ConfigurationPropertiesRebinderAutoConfiguration$$EnhancerBySpringCGLIB$$3ab359b8] is not eligible for getting processed by all BeanPostProcessors (for example: not eligible for auto-proxying)
2017-12-07 11:18:06.012  INFO [simu-tss-tss-default,,,] 4395 --- [main] cn.superid.tss.WebApplication            : No active profile set, falling back to default profiles: default
2017-12-07 11:18:06.014  INFO [simu-tss-tss-default,,,] 4395 --- [main] s.c.a.AnnotationConfigApplicationContext : Refreshing org.springframework.context.annotation.AnnotationConfigApplicationContext@26d6399e: startup date [Thu Dec 07 11:18:06 CST 2017]; parent: org.springframework.context.annotation.AnnotationConfigApplicationContext@57d6d605
2017-12-07 11:18:06.052  INFO [simu-tss-tss-default,,,] 4395 --- [main] f.a.AutowiredAnnotationBeanPostProcessor : JSR-330 'javax.inject.Inject' annotation found and supported for autowiring
2017-12-07 11:18:06.063  INFO [simu-tss-tss-default,,,] 4395 --- [main] trationDelegate$BeanPostProcessorChecker : Bean 'org.springframework.amqp.rabbit.annotation.RabbitBootstrapConfiguration' of type [org.springframework.amqp.rabbit.annotation.RabbitBootstrapConfiguration$$EnhancerBySpringCGLIB$$e50514e9] is not eligible for getting processed by all BeanPostProcessors (for example: not eligible for auto-proxying)
2017-12-07 11:18:06.117  INFO [simu-tss-tss-default,,,] 4395 --- [main] o.s.i.codec.kryo.CompositeKryoRegistrar  : configured Kryo registration [40, java.io.File] with serializer org.springframework.integration.codec.kryo.FileSerializer
2017-12-07 11:18:06.135  INFO [simu-tss-tss-default,,,] 4395 --- [main] o.s.c.support.GenericApplicationContext  : Refreshing org.springframework.context.support.GenericApplicationContext@1ba44388: startup date [Thu Dec 07 11:18:06 CST 2017]; root of context hierarchy
2017-12-07 11:18:06.158  INFO [simu-tss-tss-default,,,] 4395 --- [main] o.s.c.support.DefaultLifecycleProcessor  : Starting beans in phase -2147482648
2017-12-07 11:18:06.158  INFO [simu-tss-tss-default,,,] 4395 --- [main] o.s.c.support.DefaultLifecycleProcessor  : Starting beans in phase 2147483647
2017-12-07 11:18:06.162  INFO [simu-tss-tss-default,,,] 4395 --- [main] cn.superid.tss.WebApplication            : Started WebApplication in 10.289 seconds (JVM running for 44.785)
2017-12-07 11:18:06.265  INFO [simu-tss-tss-default,,,] 4395 --- [main] o.s.a.r.c.CachingConnectionFactory       : Created new connection: SimpleConnection@10d29fe [delegate=amqp://guest@116.62.19.66:5672/, localPort= 61895]
2017-12-07 11:18:06.311  INFO [simu-tss-tss-default,,,] 4395 --- [main] o.s.integration.channel.DirectChannel    : Channel 'simu-tss-tss-default:19999.sleuth' has 1 subscriber(s).
2017-12-07 11:18:06.312  INFO [simu-tss-tss-default,,,] 4395 --- [main] o.s.c.support.DefaultLifecycleProcessor  : Starting beans in phase 0
2017-12-07 11:18:06.354  INFO [simu-tss-tss-default,,,] 4395 --- [main] o.s.c.c.s.ConsulServiceRegistry          : Registering service with consul: NewService{id='simu-tss-tss-default-19999', name='tss', tags=[master], address='192.168.1.66', port=19999, enableTagOverride=null, check=Check{script='null', interval=null, ttl=30s, http=null, tcp=null, timeout=null, deregisterCriticalServiceAfter=null, tlsSkipVerify=null}, checks=null}
2017-12-07 11:18:06.614  INFO [simu-tss-tss-default,,,] 4395 --- [main] o.s.i.endpoint.EventDrivenConsumer       : Adding {logging-channel-adapter:_org.springframework.integration.errorLogger} as a subscriber to the 'errorChannel' channel
2017-12-07 11:18:06.614  INFO [simu-tss-tss-default,,,] 4395 --- [main] o.s.i.channel.PublishSubscribeChannel    : Channel 'simu-tss-tss-default:19999.errorChannel' has 1 subscriber(s).
2017-12-07 11:18:06.614  INFO [simu-tss-tss-default,,,] 4395 --- [main] o.s.i.endpoint.EventDrivenConsumer       : started _org.springframework.integration.errorLogger
2017-12-07 11:18:06.625  INFO [simu-tss-tss-default,,,] 4395 --- [main] o.s.i.e.SourcePollingChannelAdapter      : started sleuthStreamSpanReporter.poll.inboundChannelAdapter
2017-12-07 11:18:06.625  INFO [simu-tss-tss-default,,,] 4395 --- [main] o.s.c.support.DefaultLifecycleProcessor  : Starting beans in phase 2147482647
2017-12-07 11:18:06.625  INFO [simu-tss-tss-default,,,] 4395 --- [main] o.s.c.support.DefaultLifecycleProcessor  : Starting beans in phase 2147483647
2017-12-07 11:18:06.630  INFO [simu-tss-tss-default,,,] 4395 --- [main] ration$HystrixMetricsPollerConfiguration : Starting poller
2017-12-07 11:18:06.708  INFO [simu-tss-tss-default,,,] 4395 --- [main] b.c.e.u.UndertowEmbeddedServletContainer : Undertow started on port(s) 19999 (http)
2017-12-07 11:18:06.712  INFO [simu-tss-tss-default,,,] 4395 --- [main] cn.superid.tss.WebApplication            : Started WebApplication in 44.756 seconds (JVM running for 45.336)
2017-12-07 11:18:06.712  INFO [simu-tss-tss-default,,,] 4395 --- [main] cn.superid.tss.WebApplication            : tss service is running!
2017-12-07 11:19:00.095  INFO [simu-tss-tss-default,5c3adb276199f7c5,5c3adb276199f7c5,false] 4395 --- [XNIO-3 task-1] io.undertow.servlet                      : Initializing Spring FrameworkServlet 'dispatcherServlet'
2017-12-07 11:19:00.097  INFO [simu-tss-tss-default,5c3adb276199f7c5,5c3adb276199f7c5,false] 4395 --- [XNIO-3 task-1] o.s.web.servlet.DispatcherServlet        : FrameworkServlet 'dispatcherServlet': initialization started
2017-12-07 11:19:00.148  INFO [simu-tss-tss-default,5c3adb276199f7c5,5c3adb276199f7c5,false] 4395 --- [XNIO-3 task-1] o.s.web.servlet.DispatcherServlet        : FrameworkServlet 'dispatcherServlet': initialization completed in 51 ms
